# Logfile created on 2020-06-11 08:41:59 -0400 by logger.rb/66358
D, [2020-06-11T08:41:59.951540 #14424] DEBUG -- : REQUESTING PAGE: GET / with {} and HTTP headers {}
D, [2020-06-11T08:42:00.228401 #14424] DEBUG -- : REQUESTING PAGE: GET /home with {} and HTTP headers {}
D, [2020-06-11T09:05:47.142495 #18832] DEBUG -- : REQUESTING PAGE: GET / with {} and HTTP headers {}
D, [2020-06-11T09:09:17.976387 #10788] DEBUG -- : REQUESTING PAGE: GET / with {} and HTTP headers {}
D, [2020-06-11T09:10:59.144422 #18808] DEBUG -- : REQUESTING PAGE: GET / with {} and HTTP headers {}
D, [2020-06-11T09:17:27.205823 #16508] DEBUG -- : REQUESTING PAGE: GET / with {} and HTTP headers {}
D, [2020-06-11T09:19:03.664592 #19108] DEBUG -- : REQUESTING PAGE: GET / with {} and HTTP headers {}
D, [2020-06-11T09:20:26.606419 #3284] DEBUG -- : REQUESTING PAGE: GET / with {} and HTTP headers {}
D, [2020-06-11T09:21:37.143118 #18340] DEBUG -- : REQUESTING PAGE: GET / with {} and HTTP headers {}
D, [2020-06-11T09:22:12.401616 #11236] DEBUG -- : REQUESTING PAGE: GET / with {} and HTTP headers {}
D, [2020-06-11T09:23:16.759482 #15748] DEBUG -- : REQUESTING PAGE: GET / with {} and HTTP headers {}
D, [2020-06-11T09:24:01.530176 #17104] DEBUG -- : REQUESTING PAGE: GET / with {} and HTTP headers {}
D, [2020-06-11T09:27:15.491296 #11028] DEBUG -- : REQUESTING PAGE: GET / with {} and HTTP headers {}
D, [2020-06-11T09:27:15.587396 #11028] DEBUG -- : REQUESTING PAGE: POST aceptar with {} and HTTP headers {"HTTP_REFERER"=>"/"}
D, [2020-06-11T09:30:35.217479 #9912] DEBUG -- : REQUESTING PAGE: GET / with {} and HTTP headers {}
D, [2020-06-11T09:30:35.310043 #9912] DEBUG -- : REQUESTING PAGE: POST aceptar with {} and HTTP headers {"HTTP_REFERER"=>"/"}
D, [2020-06-11T09:31:24.869588 #9140] DEBUG -- : REQUESTING PAGE: GET / with {} and HTTP headers {}
D, [2020-06-11T09:31:24.961059 #9140] DEBUG -- : REQUESTING PAGE: POST aceptar with {} and HTTP headers {"HTTP_REFERER"=>"/"}
D, [2020-06-11T09:31:57.856645 #22424] DEBUG -- : REQUESTING PAGE: GET / with {} and HTTP headers {}
D, [2020-06-11T09:31:57.951714 #22424] DEBUG -- : REQUESTING PAGE: POST aceptar with {} and HTTP headers {"HTTP_REFERER"=>"/"}
D, [2020-06-11T09:32:39.612407 #9024] DEBUG -- : REQUESTING PAGE: GET / with {} and HTTP headers {}
D, [2020-06-11T09:32:39.710052 #9024] DEBUG -- : REQUESTING PAGE: POST aceptar with {} and HTTP headers {"HTTP_REFERER"=>"/"}
D, [2020-06-14T12:04:34.720113 #11560] DEBUG -- : REQUESTING PAGE: GET / with {} and HTTP headers {}
D, [2020-06-14T12:04:34.797149 #11560] DEBUG -- : REQUESTING PAGE: POST aceptar with {} and HTTP headers {"HTTP_REFERER"=>"/"}
D, [2020-06-14T12:05:42.695282 #1108] DEBUG -- : REQUESTING PAGE: GET / with {} and HTTP headers {}
D, [2020-06-14T12:05:42.776932 #1108] DEBUG -- : REQUESTING PAGE: POST aceptar with {} and HTTP headers {"HTTP_REFERER"=>"/"}
D, [2020-06-14T12:22:56.168552 #11976] DEBUG -- : REQUESTING PAGE: GET / with {} and HTTP headers {}
D, [2020-06-14T12:22:56.253370 #11976] DEBUG -- : REQUESTING PAGE: POST aceptar with {} and HTTP headers {"HTTP_REFERER"=>"/"}
D, [2020-06-14T12:37:20.715289 #16232] DEBUG -- : REQUESTING PAGE: GET / with {} and HTTP headers {}
D, [2020-06-14T12:37:20.800731 #16232] DEBUG -- : REQUESTING PAGE: POST aceptar with {} and HTTP headers {"HTTP_REFERER"=>"/"}
D, [2020-06-14T12:38:02.662343 #12860] DEBUG -- : REQUESTING PAGE: GET / with {} and HTTP headers {}
D, [2020-06-14T12:38:02.756403 #12860] DEBUG -- : REQUESTING PAGE: POST aceptar with {} and HTTP headers {"HTTP_REFERER"=>"/"}
D, [2020-06-14T12:42:55.604440 #11852] DEBUG -- : REQUESTING PAGE: GET / with {} and HTTP headers {}
D, [2020-06-14T12:42:55.710404 #11852] DEBUG -- : REQUESTING PAGE: POST aceptar with {} and HTTP headers {"HTTP_REFERER"=>"/"}
D, [2020-06-14T12:44:14.558581 #15436] DEBUG -- : REQUESTING PAGE: GET / with {} and HTTP headers {}
D, [2020-06-14T12:44:14.646341 #15436] DEBUG -- : REQUESTING PAGE: POST aceptar with {} and HTTP headers {"HTTP_REFERER"=>"/"}
D, [2020-06-14T12:46:19.089947 #15780] DEBUG -- : REQUESTING PAGE: GET / with {} and HTTP headers {}
D, [2020-06-14T12:46:19.173816 #15780] DEBUG -- : REQUESTING PAGE: POST aceptar with {} and HTTP headers {"HTTP_REFERER"=>"/"}
D, [2020-06-14T12:48:49.378326 #11344] DEBUG -- : REQUESTING PAGE: GET / with {} and HTTP headers {}
D, [2020-06-14T12:48:49.469474 #11344] DEBUG -- : REQUESTING PAGE: POST aceptar with {} and HTTP headers {"HTTP_REFERER"=>"/"}
D, [2020-06-14T12:48:49.496676 #11344] DEBUG -- : REQUESTING PAGE: POST /verificar with {"Numero"=>"1234"} and HTTP headers {"HTTP_REFERER"=>"aceptar"}
D, [2020-06-14T12:50:41.149521 #11648] DEBUG -- : REQUESTING PAGE: GET / with {} and HTTP headers {}
D, [2020-06-14T12:50:41.238338 #11648] DEBUG -- : REQUESTING PAGE: POST aceptar with {} and HTTP headers {"HTTP_REFERER"=>"/"}
D, [2020-06-14T12:50:41.260215 #11648] DEBUG -- : REQUESTING PAGE: POST /verificar with {"Numero"=>"1234"} and HTTP headers {"HTTP_REFERER"=>"aceptar"}
D, [2020-06-14T12:51:23.155507 #15348] DEBUG -- : REQUESTING PAGE: GET / with {} and HTTP headers {}
D, [2020-06-14T12:51:23.236577 #15348] DEBUG -- : REQUESTING PAGE: POST aceptar with {} and HTTP headers {"HTTP_REFERER"=>"/"}
D, [2020-06-14T12:51:23.258167 #15348] DEBUG -- : REQUESTING PAGE: POST /verificar with {"Numero"=>"1234"} and HTTP headers {"HTTP_REFERER"=>"aceptar"}
D, [2020-06-14T12:52:29.878800 #1732] DEBUG -- : REQUESTING PAGE: GET / with {} and HTTP headers {}
D, [2020-06-14T12:52:29.969199 #1732] DEBUG -- : REQUESTING PAGE: POST aceptar with {} and HTTP headers {"HTTP_REFERER"=>"/"}
D, [2020-06-14T12:52:29.990638 #1732] DEBUG -- : REQUESTING PAGE: POST /verificar with {"Numero"=>"1234"} and HTTP headers {"HTTP_REFERER"=>"aceptar"}
D, [2020-06-14T12:53:06.294999 #14304] DEBUG -- : REQUESTING PAGE: GET / with {} and HTTP headers {}
D, [2020-06-14T12:53:06.386039 #14304] DEBUG -- : REQUESTING PAGE: POST aceptar with {} and HTTP headers {"HTTP_REFERER"=>"/"}
D, [2020-06-14T12:53:06.409700 #14304] DEBUG -- : REQUESTING PAGE: POST /verificar with {"Numero"=>"1234"} and HTTP headers {"HTTP_REFERER"=>"aceptar"}
D, [2020-06-14T12:55:50.752797 #15380] DEBUG -- : REQUESTING PAGE: GET / with {} and HTTP headers {}
D, [2020-06-14T12:55:50.821662 #15380] DEBUG -- : REQUESTING PAGE: POST aceptar with {} and HTTP headers {"HTTP_REFERER"=>"/"}
D, [2020-06-14T12:55:50.838860 #15380] DEBUG -- : REQUESTING PAGE: POST /verificar with {"Numero"=>"1234"} and HTTP headers {"HTTP_REFERER"=>"aceptar"}
D, [2020-06-14T12:56:16.640237 #5260] DEBUG -- : REQUESTING PAGE: GET / with {} and HTTP headers {}
D, [2020-06-14T12:56:16.711823 #5260] DEBUG -- : REQUESTING PAGE: POST aceptar with {} and HTTP headers {"HTTP_REFERER"=>"/"}
D, [2020-06-14T12:56:16.729772 #5260] DEBUG -- : REQUESTING PAGE: POST /verificar with {"Numero"=>"1234"} and HTTP headers {"HTTP_REFERER"=>"aceptar"}
D, [2020-06-14T12:57:08.884429 #9512] DEBUG -- : REQUESTING PAGE: GET / with {} and HTTP headers {}
D, [2020-06-14T12:57:08.966385 #9512] DEBUG -- : REQUESTING PAGE: POST aceptar with {} and HTTP headers {"HTTP_REFERER"=>"/"}
D, [2020-06-14T12:57:08.983547 #9512] DEBUG -- : REQUESTING PAGE: POST /verificar with {"Numero"=>"1234"} and HTTP headers {"HTTP_REFERER"=>"aceptar"}
D, [2020-06-14T12:57:40.273685 #8448] DEBUG -- : REQUESTING PAGE: GET / with {} and HTTP headers {}
D, [2020-06-14T12:57:40.350912 #8448] DEBUG -- : REQUESTING PAGE: POST aceptar with {} and HTTP headers {"HTTP_REFERER"=>"/"}
D, [2020-06-14T12:57:40.369101 #8448] DEBUG -- : REQUESTING PAGE: POST /verificar with {"Numero"=>"1234"} and HTTP headers {"HTTP_REFERER"=>"aceptar"}
D, [2020-06-14T12:58:17.451319 #8060] DEBUG -- : REQUESTING PAGE: GET / with {} and HTTP headers {}
D, [2020-06-14T12:58:17.546510 #8060] DEBUG -- : REQUESTING PAGE: POST aceptar with {} and HTTP headers {"HTTP_REFERER"=>"/"}
D, [2020-06-14T12:58:17.564554 #8060] DEBUG -- : REQUESTING PAGE: POST /verificar with {"Numero"=>"1234"} and HTTP headers {"HTTP_REFERER"=>"aceptar"}
D, [2020-06-14T13:00:00.636239 #8808] DEBUG -- : REQUESTING PAGE: GET / with {} and HTTP headers {}
D, [2020-06-14T13:00:00.726586 #8808] DEBUG -- : REQUESTING PAGE: POST aceptar with {} and HTTP headers {"HTTP_REFERER"=>"/"}
D, [2020-06-14T13:00:00.750335 #8808] DEBUG -- : REQUESTING PAGE: POST /verificar with {"Numero"=>"1234"} and HTTP headers {"HTTP_REFERER"=>"aceptar"}
D, [2020-06-14T17:18:39.404119 #11720] DEBUG -- : REQUESTING PAGE: GET / with {} and HTTP headers {}
D, [2020-06-14T17:18:39.499639 #11720] DEBUG -- : REQUESTING PAGE: POST aceptar with {} and HTTP headers {"HTTP_REFERER"=>"/"}
D, [2020-06-14T17:18:39.520624 #11720] DEBUG -- : REQUESTING PAGE: POST /verificar with {"Numero"=>"1234"} and HTTP headers {"HTTP_REFERER"=>"aceptar"}
D, [2020-06-14T17:18:39.565285 #11720] DEBUG -- : REQUESTING PAGE: GET / with {} and HTTP headers {}
D, [2020-06-14T17:18:39.580604 #11720] DEBUG -- : REQUESTING PAGE: POST aceptar with {} and HTTP headers {"HTTP_REFERER"=>"/"}
D, [2020-06-14T17:18:39.590957 #11720] DEBUG -- : REQUESTING PAGE: POST /verificar with {"Numero"=>"1234"} and HTTP headers {"HTTP_REFERER"=>"aceptar"}
D, [2020-06-14T17:18:39.620680 #11720] DEBUG -- : REQUESTING PAGE: POST /adivinar with {"Adiv"=>"1547"} and HTTP headers {"HTTP_REFERER"=>"/verificar"}
D, [2020-06-14T17:43:58.552886 #13864] DEBUG -- : REQUESTING PAGE: GET / with {} and HTTP headers {}
D, [2020-06-14T17:43:59.205290 #13864] DEBUG -- : REQUESTING PAGE: POST aceptar with {} and HTTP headers {"HTTP_REFERER"=>"/"}
D, [2020-06-14T17:43:59.622335 #13864] DEBUG -- : REQUESTING PAGE: POST /verificar with {"Numero"=>"1234"} and HTTP headers {"HTTP_REFERER"=>"aceptar"}
D, [2020-06-14T17:44:02.082887 #13864] DEBUG -- : REQUESTING PAGE: GET / with {} and HTTP headers {}
D, [2020-06-14T17:44:02.203199 #13864] DEBUG -- : REQUESTING PAGE: POST aceptar with {} and HTTP headers {"HTTP_REFERER"=>"/"}
D, [2020-06-14T17:44:02.250383 #13864] DEBUG -- : REQUESTING PAGE: POST /verificar with {"Numero"=>"1234"} and HTTP headers {"HTTP_REFERER"=>"aceptar"}
D, [2020-06-14T17:44:03.585322 #13864] DEBUG -- : REQUESTING PAGE: POST /adivinar with {"Adiv"=>"1547"} and HTTP headers {"HTTP_REFERER"=>"/verificar"}
D, [2020-06-14T17:44:05.923439 #13864] DEBUG -- : REQUESTING PAGE: GET / with {} and HTTP headers {}
D, [2020-06-14T17:44:05.940443 #13864] DEBUG -- : REQUESTING PAGE: POST aceptar with {} and HTTP headers {"HTTP_REFERER"=>"/"}
D, [2020-06-14T17:44:05.950344 #13864] DEBUG -- : REQUESTING PAGE: POST /verificar with {"Numero"=>"1234"} and HTTP headers {"HTTP_REFERER"=>"aceptar"}
D, [2020-06-14T17:45:46.817370 #15148] DEBUG -- : REQUESTING PAGE: GET / with {} and HTTP headers {}
D, [2020-06-14T17:45:47.263159 #15148] DEBUG -- : REQUESTING PAGE: POST aceptar with {} and HTTP headers {"HTTP_REFERER"=>"/"}
D, [2020-06-14T17:45:47.713053 #15148] DEBUG -- : REQUESTING PAGE: POST /verificar with {"Numero"=>"1234"} and HTTP headers {"HTTP_REFERER"=>"aceptar"}
D, [2020-06-14T17:45:50.728414 #15148] DEBUG -- : REQUESTING PAGE: GET / with {} and HTTP headers {}
D, [2020-06-14T17:45:50.785650 #15148] DEBUG -- : REQUESTING PAGE: POST aceptar with {} and HTTP headers {"HTTP_REFERER"=>"/"}
D, [2020-06-14T17:45:50.892841 #15148] DEBUG -- : REQUESTING PAGE: POST /verificar with {"Numero"=>"1234"} and HTTP headers {"HTTP_REFERER"=>"aceptar"}
D, [2020-06-14T17:45:52.410833 #15148] DEBUG -- : REQUESTING PAGE: POST /adivinar with {"Adiv"=>"1547"} and HTTP headers {"HTTP_REFERER"=>"/verificar"}
D, [2020-06-14T17:47:18.253927 #12028] DEBUG -- : REQUESTING PAGE: GET / with {} and HTTP headers {}
D, [2020-06-14T17:47:18.694124 #12028] DEBUG -- : REQUESTING PAGE: POST aceptar with {} and HTTP headers {"HTTP_REFERER"=>"/"}
D, [2020-06-14T17:47:19.265184 #12028] DEBUG -- : REQUESTING PAGE: POST /verificar with {"Numero"=>"1234"} and HTTP headers {"HTTP_REFERER"=>"aceptar"}
D, [2020-06-14T17:47:24.369756 #12028] DEBUG -- : REQUESTING PAGE: GET / with {} and HTTP headers {}
D, [2020-06-14T17:47:24.431334 #12028] DEBUG -- : REQUESTING PAGE: POST aceptar with {} and HTTP headers {"HTTP_REFERER"=>"/"}
D, [2020-06-14T17:47:24.517423 #12028] DEBUG -- : REQUESTING PAGE: POST /verificar with {"Numero"=>"1234"} and HTTP headers {"HTTP_REFERER"=>"aceptar"}
D, [2020-06-14T17:47:28.281033 #12028] DEBUG -- : REQUESTING PAGE: POST /adivinar with {"Adiv"=>"1547"} and HTTP headers {"HTTP_REFERER"=>"/verificar"}
D, [2020-06-14T17:49:13.913281 #11296] DEBUG -- : REQUESTING PAGE: GET / with {} and HTTP headers {}
D, [2020-06-14T17:49:14.271696 #11296] DEBUG -- : REQUESTING PAGE: POST aceptar with {} and HTTP headers {"HTTP_REFERER"=>"/"}
D, [2020-06-14T17:49:14.708114 #11296] DEBUG -- : REQUESTING PAGE: POST /verificar with {"Numero"=>"1234"} and HTTP headers {"HTTP_REFERER"=>"aceptar"}
D, [2020-06-14T17:49:17.541451 #11296] DEBUG -- : REQUESTING PAGE: GET / with {} and HTTP headers {}
D, [2020-06-14T17:49:17.587202 #11296] DEBUG -- : REQUESTING PAGE: POST aceptar with {} and HTTP headers {"HTTP_REFERER"=>"/"}
D, [2020-06-14T17:49:17.689966 #11296] DEBUG -- : REQUESTING PAGE: POST /verificar with {"Numero"=>"1234"} and HTTP headers {"HTTP_REFERER"=>"aceptar"}
D, [2020-06-14T17:49:19.920813 #11296] DEBUG -- : REQUESTING PAGE: POST /adivinar with {"Adiv"=>"1547"} and HTTP headers {"HTTP_REFERER"=>"/verificar"}
D, [2020-06-14T17:49:22.442946 #11296] DEBUG -- : REQUESTING PAGE: GET / with {} and HTTP headers {}
D, [2020-06-14T17:49:22.482352 #11296] DEBUG -- : REQUESTING PAGE: POST aceptar with {} and HTTP headers {"HTTP_REFERER"=>"/"}
D, [2020-06-14T17:49:22.513771 #11296] DEBUG -- : REQUESTING PAGE: POST /verificar with {"Numero"=>"1234"} and HTTP headers {"HTTP_REFERER"=>"aceptar"}
D, [2020-06-14T17:50:04.960703 #16860] DEBUG -- : REQUESTING PAGE: GET / with {} and HTTP headers {}
D, [2020-06-14T17:50:05.416799 #16860] DEBUG -- : REQUESTING PAGE: POST aceptar with {} and HTTP headers {"HTTP_REFERER"=>"/"}
D, [2020-06-14T17:50:05.657252 #16860] DEBUG -- : REQUESTING PAGE: POST /verificar with {"Numero"=>"1234"} and HTTP headers {"HTTP_REFERER"=>"aceptar"}
D, [2020-06-14T17:50:09.273611 #16860] DEBUG -- : REQUESTING PAGE: GET / with {} and HTTP headers {}
D, [2020-06-14T17:50:09.291124 #16860] DEBUG -- : REQUESTING PAGE: POST aceptar with {} and HTTP headers {"HTTP_REFERER"=>"/"}
D, [2020-06-14T17:50:09.382601 #16860] DEBUG -- : REQUESTING PAGE: POST /verificar with {"Numero"=>"1234"} and HTTP headers {"HTTP_REFERER"=>"aceptar"}
D, [2020-06-14T17:50:11.045554 #16860] DEBUG -- : REQUESTING PAGE: POST /adivinar with {"Adiv"=>"1547"} and HTTP headers {"HTTP_REFERER"=>"/verificar"}
D, [2020-06-14T17:50:15.053154 #16860] DEBUG -- : REQUESTING PAGE: GET / with {} and HTTP headers {}
D, [2020-06-14T17:50:15.060849 #16860] DEBUG -- : REQUESTING PAGE: POST aceptar with {} and HTTP headers {"HTTP_REFERER"=>"/"}
D, [2020-06-14T17:50:15.073694 #16860] DEBUG -- : REQUESTING PAGE: POST /verificar with {"Numero"=>"1234"} and HTTP headers {"HTTP_REFERER"=>"aceptar"}
D, [2020-06-14T17:50:40.678911 #14008] DEBUG -- : REQUESTING PAGE: GET / with {} and HTTP headers {}
D, [2020-06-14T17:50:40.909537 #14008] DEBUG -- : REQUESTING PAGE: POST aceptar with {} and HTTP headers {"HTTP_REFERER"=>"/"}
D, [2020-06-14T17:50:41.336000 #14008] DEBUG -- : REQUESTING PAGE: POST /verificar with {"Numero"=>"1234"} and HTTP headers {"HTTP_REFERER"=>"aceptar"}
D, [2020-06-14T17:50:44.613130 #14008] DEBUG -- : REQUESTING PAGE: GET / with {} and HTTP headers {}
D, [2020-06-14T17:50:44.639150 #14008] DEBUG -- : REQUESTING PAGE: POST aceptar with {} and HTTP headers {"HTTP_REFERER"=>"/"}
D, [2020-06-14T17:50:44.680223 #14008] DEBUG -- : REQUESTING PAGE: POST /verificar with {"Numero"=>"1234"} and HTTP headers {"HTTP_REFERER"=>"aceptar"}
D, [2020-06-14T17:50:47.779562 #14008] DEBUG -- : REQUESTING PAGE: POST /adivinar with {"Adiv"=>"1547"} and HTTP headers {"HTTP_REFERER"=>"/verificar"}
D, [2020-06-14T17:50:50.910237 #14008] DEBUG -- : REQUESTING PAGE: GET / with {} and HTTP headers {}
D, [2020-06-14T17:50:50.920685 #14008] DEBUG -- : REQUESTING PAGE: POST aceptar with {} and HTTP headers {"HTTP_REFERER"=>"/"}
D, [2020-06-14T17:50:50.928603 #14008] DEBUG -- : REQUESTING PAGE: POST /verificar with {"Numero"=>"1234"} and HTTP headers {"HTTP_REFERER"=>"aceptar"}
D, [2020-06-14T17:50:52.806323 #14008] DEBUG -- : REQUESTING PAGE: POST /adivinar with {"Adiv"=>"1234"} and HTTP headers {"HTTP_REFERER"=>"/verificar"}
D, [2020-06-14T17:51:32.314889 #4552] DEBUG -- : REQUESTING PAGE: GET / with {} and HTTP headers {}
D, [2020-06-14T17:51:32.732093 #4552] DEBUG -- : REQUESTING PAGE: POST aceptar with {} and HTTP headers {"HTTP_REFERER"=>"/"}
D, [2020-06-14T17:51:33.052265 #4552] DEBUG -- : REQUESTING PAGE: POST /verificar with {"Numero"=>"1234"} and HTTP headers {"HTTP_REFERER"=>"aceptar"}
D, [2020-06-14T17:51:36.226012 #4552] DEBUG -- : REQUESTING PAGE: GET / with {} and HTTP headers {}
D, [2020-06-14T17:51:36.260182 #4552] DEBUG -- : REQUESTING PAGE: POST aceptar with {} and HTTP headers {"HTTP_REFERER"=>"/"}
D, [2020-06-14T17:51:36.309429 #4552] DEBUG -- : REQUESTING PAGE: POST /verificar with {"Numero"=>"1234"} and HTTP headers {"HTTP_REFERER"=>"aceptar"}
D, [2020-06-14T17:51:38.335777 #4552] DEBUG -- : REQUESTING PAGE: POST /adivinar with {"Adiv"=>"1547"} and HTTP headers {"HTTP_REFERER"=>"/verificar"}
D, [2020-06-14T17:51:41.040788 #4552] DEBUG -- : REQUESTING PAGE: GET / with {} and HTTP headers {}
D, [2020-06-14T17:51:41.074355 #4552] DEBUG -- : REQUESTING PAGE: POST aceptar with {} and HTTP headers {"HTTP_REFERER"=>"/"}
D, [2020-06-14T17:51:41.107626 #4552] DEBUG -- : REQUESTING PAGE: POST /verificar with {"Numero"=>"1234"} and HTTP headers {"HTTP_REFERER"=>"aceptar"}
D, [2020-06-14T17:51:42.733253 #4552] DEBUG -- : REQUESTING PAGE: POST /adivinar with {"Adiv"=>"1234"} and HTTP headers {"HTTP_REFERER"=>"/verificar"}
